2019-08-01 16:22:13,618:WARNING:discord.client: PyNaCl is not installed, voice will NOT be supported
2019-08-01 16:22:13,618:DEBUG:discord.client: on_ready has successfully been registered as an event
2019-08-01 16:22:13,618:DEBUG:discord.client: on_member_join has successfully been registered as an event
2019-08-01 16:22:13,618:DEBUG:discord.client: on_message has successfully been registered as an event
2019-08-01 16:22:13,619:INFO:discord.client: logging in using static token
2019-08-01 16:22:13,855:DEBUG:discord.http: GET https://discordapp.com/api/v7/users/@me with None has returned 200
2019-08-01 16:22:13,855:DEBUG:discord.http: GET https://discordapp.com/api/v7/users/@me has received {'username': 'Goku Black', 'verified': True, 'locale': 'en-US', 'mfa_enabled': False, 'bot': True, 'id': '582809508972068864', 'flags': 0, 'avatar': '915142fd245088ca99a762932e452d80', 'discriminator': '5306', 'email': None}
2019-08-01 16:22:13,879:DEBUG:discord.http: GET https://discordapp.com/api/v7/gateway with None has returned 200
2019-08-01 16:22:13,879:DEBUG:discord.http: GET https://discordapp.com/api/v7/gateway has received {'url': 'wss://gateway.discord.gg'}
2019-08-01 16:22:14,214:INFO:discord.gateway: Created websocket connected to wss://gateway.discord.gg?encoding=json&v=6&compress=zlib-stream
2019-08-01 16:22:14,215:DEBUG:discord.client: Dispatching event socket_raw_receive
2019-08-01 16:22:14,215:DEBUG:discord.gateway: For Shard ID None: WebSocket Event: {'t': None, 's': None, 'op': 10, 'd': {'heartbeat_interval': 41250, '_trace': ['["gateway-prd-main-xgdf",{"micros":0.0}]']}}
2019-08-01 16:22:14,215:DEBUG:discord.client: Dispatching event socket_response
2019-08-01 16:22:14,215:DEBUG:discord.client: Dispatching event socket_raw_send
2019-08-01 16:22:14,217:DEBUG:discord.client: Dispatching event socket_raw_send
2019-08-01 16:22:14,217:INFO:discord.gateway: Shard ID None has sent the IDENTIFY payload.
2019-08-01 16:22:14,319:DEBUG:discord.client: Dispatching event socket_raw_receive
2019-08-01 16:22:14,320:DEBUG:discord.gateway: For Shard ID None: WebSocket Event: {'t': None, 's': None, 'op': 11, 'd': None}
2019-08-01 16:22:14,320:DEBUG:discord.client: Dispatching event socket_response
2019-08-01 16:22:15,494:DEBUG:discord.client: Dispatching event socket_raw_receive
2019-08-01 16:22:15,494:DEBUG:discord.gateway: For Shard ID None: WebSocket Event: {'t': 'READY', 's': 1, 'op': 0, 'd': {'v': 6, 'user_settings': {}, 'user': {'verified': True, 'username': 'Goku Black', 'mfa_enabled': False, 'id': '582809508972068864', 'email': None, 'discriminator': '5306', 'bot': True, 'avatar': '915142fd245088ca99a762932e452d80'}, 'session_id': '6edde96a221f20a9304532989aa0a0dc', 'relationships': [], 'private_channels': [], 'presences': [], 'guilds': [{'unavailable': True, 'id': '582815340484886528'}], '_trace': ['["gateway-prd-main-xgdf",{"micros":1166293,"calls":["discord-sessions-prd-1-10",{"micros":1164661,"calls":["start_session",{"micros":36694,"calls":["api-prd-main-t6sl",{"micros":33492,"calls":["get_user",{"micros":8087},"add_authorized_ip",{"micros":5},"get_guilds",{"micros":1814},"coros_wait",{"micros":1}]}]},"guilds_connect",{"micros":2,"calls":[]},"presence_connect",{"micros":837774,"calls":[]}]}]}]']}}
2019-08-01 16:22:15,494:DEBUG:discord.client: Dispatching event socket_response
2019-08-01 16:22:15,494:INFO:discord.gateway: Shard ID None has connected to Gateway: ["gateway-prd-main-xgdf",{"micros":1166293,"calls":["discord-sessions-prd-1-10",{"micros":1164661,"calls":["start_session",{"micros":36694,"calls":["api-prd-main-t6sl",{"micros":33492,"calls":["get_user",{"micros":8087},"add_authorized_ip",{"micros":5},"get_guilds",{"micros":1814},"coros_wait",{"micros":1}]}]},"guilds_connect",{"micros":2,"calls":[]},"presence_connect",{"micros":837774,"calls":[]}]}]}] (Session ID: 6edde96a221f20a9304532989aa0a0dc).
2019-08-01 16:22:15,494:DEBUG:discord.client: Dispatching event connect
2019-08-01 16:22:15,498:DEBUG:discord.client: Dispatching event socket_raw_receive
2019-08-01 16:22:15,498:DEBUG:discord.gateway: For Shard ID None: WebSocket Event: {'t': 'GUILD_CREATE', 's': 2, 'op': 0, 'd': {'description': None, 'region': 'us-west', 'lazy': True, 'afk_timeout': 300, 'application_id': None, 'explicit_content_filter': 0, 'splash': None, 'name': 'Test Server', 'large': False, 'unavailable': False, 'channels': [{'user_limit': 0, 'type': 4, 'position': 0, 'permission_overwrites': [], 'name': 'Text Channels', 'id': '582815340484886529', 'bitrate': 64000}, {'type': 0, 'topic': None, 'rate_limit_per_user': 0, 'position': 0, 'permission_overwrites': [], 'parent_id': '582815340484886529', 'name': 'general', 'last_message_id': '588569612418023465', 'id': '582815340484886530'}, {'user_limit': 0, 'type': 4, 'position': 0, 'permission_overwrites': [], 'name': 'Voice Channels', 'id': '582815340484886531', 'bitrate': 64000}, {'user_limit': 0, 'type': 2, 'position': 0, 'permission_overwrites': [], 'parent_id': '582815340484886531', 'name': 'General', 'id': '582815340484886532', 'bitrate': 64000}], 'owner_id': '496094576608542731', 'preferred_locale': 'en-US', 'default_message_notifications': 0, 'premium_subscription_count': 0, 'vanity_url_code': None, 'premium_tier': 0, 'id': '582815340484886528', 'roles': [{'position': 0, 'permissions': 104324673, 'name': '@everyone', 'mentionable': False, 'managed': False, 'id': '582815340484886528', 'hoist': False, 'color': 0}, {'position': 2, 'permissions': 8, 'name': 'Test Bot', 'mentionable': False, 'managed': True, 'id': '582815509943287824', 'hoist': False, 'color': 0}, {'position': 1, 'permissions': 104324673, 'name': 'new role', 'mentionable': False, 'managed': False, 'id': '583185739865522186', 'hoist': False, 'color': 0}], 'mfa_level': 0, 'voice_states': [], 'system_channel_id': '582815340484886530', 'banner': None, 'features': [], 'system_channel_flags': 0, 'icon': None, 'joined_at': '2019-05-28T06:20:45.811000+00:00', 'members': [{'user': {'username': 'SuperSaiyanAsian', 'id': '496094576608542731', 'discriminator': '5705', 'avatar': '489ca8c891493b17450bb321ed2d4419'}, 'roles': [], 'mute': False, 'joined_at': '2019-05-28T06:20:05.359000+00:00', 'hoisted_role': None, 'deaf': False}, {'user': {'username': 'Goku Black', 'id': '582809508972068864', 'discriminator': '5306', 'bot': True, 'avatar': '915142fd245088ca99a762932e452d80'}, 'roles': ['582815509943287824'], 'mute': False, 'joined_at': '2019-05-28T06:20:45.811000+00:00', 'hoisted_role': None, 'deaf': False}], 'member_count': 2, 'presences': [{'user': {'id': '496094576608542731'}, 'status': 'dnd', 'game': {'type': 2, 'timestamps': {'start': 1564701625255, 'end': 1564701721255}, 'sync_id': '5UhtKiutcX6nV1ADVk3BTT', 'state': 'Billy Marchiafava', 'session_id': 'e58d79b33cf5a8c3e4f67f0d38c5238c', 'party': {'id': 'spotify:496094576608542731'}, 'name': 'Spotify', 'id': 'spotify:1', 'flags': 48, 'details': 'Cheesecake', 'created_at': 1564701626528, 'assets': {'large_text': 'Cheesecake', 'large_image': 'spotify:af709630c2bbafa793d9e5bfb8d3ec70a1bf25fe'}}, 'client_status': {'desktop': 'dnd'}, 'activities': [{'type': 2, 'timestamps': {'start': 1564701625255, 'end': 1564701721255}, 'sync_id': '5UhtKiutcX6nV1ADVk3BTT', 'state': 'Billy Marchiafava', 'session_id': 'e58d79b33cf5a8c3e4f67f0d38c5238c', 'party': {'id': 'spotify:496094576608542731'}, 'name': 'Spotify', 'id': 'spotify:1', 'flags': 48, 'details': 'Cheesecake', 'created_at': 1564701626528, 'assets': {'large_text': 'Cheesecake', 'large_image': 'spotify:af709630c2bbafa793d9e5bfb8d3ec70a1bf25fe'}}]}, {'user': {'id': '582809508972068864'}, 'status': 'online', 'game': None, 'client_status': {'web': 'online'}, 'activities': []}], 'verification_level': 0, 'emojis': [], 'afk_channel_id': None}}
2019-08-01 16:22:15,498:DEBUG:discord.client: Dispatching event socket_response
2019-08-01 16:22:15,498:DEBUG:discord.client: Dispatching event guild_available
2019-08-01 16:22:17,483:DEBUG:discord.client: Dispatching event ready
2019-08-01 16:22:17,484:DEBUG:discord.gateway: Sending "{"op":3,"d":{"game":{"flags":0,"type":2,"name":"your commands"},"afk":false,"since":0.0,"status":"online"}}" to change status
2019-08-01 16:22:17,484:DEBUG:discord.client: Dispatching event socket_raw_send
2019-08-01 16:22:20,338:DEBUG:discord.client: Dispatching event socket_raw_receive
2019-08-01 16:22:20,338:DEBUG:discord.gateway: For Shard ID None: WebSocket Event: {'t': 'PRESENCE_UPDATE', 's': 3, 'op': 0, 'd': {'user': {'id': '496094576608542731'}, 'status': 'dnd', 'roles': [], 'guild_id': '582815340484886528', 'game': {'type': 2, 'timestamps': {'start': 1564701721733, 'end': 1564701817733}, 'sync_id': '5UhtKiutcX6nV1ADVk3BTT', 'state': 'Billy Marchiafava', 'session_id': 'e58d79b33cf5a8c3e4f67f0d38c5238c', 'party': {'id': 'spotify:496094576608542731'}, 'name': 'Spotify', 'id': 'spotify:1', 'flags': 48, 'details': 'Cheesecake', 'created_at': 1564701740285, 'assets': {'large_text': 'Cheesecake', 'large_image': 'spotify:af709630c2bbafa793d9e5bfb8d3ec70a1bf25fe'}}, 'client_status': {'desktop': 'dnd'}, 'activities': [{'type': 2, 'timestamps': {'start': 1564701721733, 'end': 1564701817733}, 'sync_id': '5UhtKiutcX6nV1ADVk3BTT', 'state': 'Billy Marchiafava', 'session_id': 'e58d79b33cf5a8c3e4f67f0d38c5238c', 'party': {'id': 'spotify:496094576608542731'}, 'name': 'Spotify', 'id': 'spotify:1', 'flags': 48, 'details': 'Cheesecake', 'created_at': 1564701740285, 'assets': {'large_text': 'Cheesecake', 'large_image': 'spotify:af709630c2bbafa793d9e5bfb8d3ec70a1bf25fe'}}]}}
2019-08-01 16:22:20,338:DEBUG:discord.client: Dispatching event socket_response
2019-08-01 16:22:20,338:DEBUG:discord.client: Dispatching event member_update
2019-08-01 16:22:55,467:DEBUG:discord.gateway: Keeping websocket alive with sequence 3.
2019-08-01 16:22:55,467:DEBUG:discord.client: Dispatching event socket_raw_send
2019-08-01 16:22:55,567:DEBUG:discord.client: Dispatching event socket_raw_receive
2019-08-01 16:22:55,567:DEBUG:discord.gateway: For Shard ID None: WebSocket Event: {'t': None, 's': None, 'op': 11, 'd': None}
2019-08-01 16:22:55,567:DEBUG:discord.client: Dispatching event socket_response
